<?xml version="1.0" encoding="UTF-8"?>
<!-- Generated by org.testng.reporters.JUnitReportReporter -->
<testsuite hostname="DESKTOP-D3EH90A" name="com.coal.testscript.RegistrationTest" tests="2" failures="0" timestamp="24 Jul 2020 07:13:56 GMT" time="73.363" errors="0">
  <testcase name="ValidRegistrationTest" time="40.371" classname="com.coal.testscript.RegistrationTest"/>
  <testcase name="InvalidRegistrationTest" time="32.992" classname="com.coal.testscript.RegistrationTest"/>
</testsuite> <!-- com.coal.testscript.RegistrationTest -->
