<?xml version="1.0" encoding="UTF-8"?>
<!-- Generated by org.testng.reporters.JUnitReportReporter -->
<testsuite hostname="DESKTOP-D3EH90A" name="com.coal.testscript.LoginTest" tests="2" failures="0" timestamp="24 Jul 2020 05:28:24 GMT" time="54.326" errors="0">
  <testcase name="InvalidLoginTest" time="27.832" classname="com.coal.testscript.LoginTest"/>
  <testcase name="voidValidLoginTest" time="26.494" classname="com.coal.testscript.LoginTest"/>
</testsuite> <!-- com.coal.testscript.LoginTest -->
